[11:23:51] [main/INFO] (FabricLoader/GameProvider) Loading Minecraft 1.20 with Fabric Loader 0.14.21
[11:23:52] [main/INFO] (FabricLoader) Loading 47 mods:
	- fabric-api 0.83.0+1.20
	- fabric-api-base 0.4.29+b04edc7a27
	- fabric-api-lookup-api-v1 1.6.34+4d8536c927
	- fabric-biome-api-v1 13.0.10+b3afc78b27
	- fabric-block-api-v1 1.0.9+e022e5d127
	- fabric-blockrenderlayer-v1 1.1.39+b3afc78b27
	- fabric-client-tags-api-v1 1.0.20+b3afc78b27
	- fabric-command-api-v2 2.2.11+b3afc78b27
	- fabric-content-registries-v0 4.0.7+b3afc78b27
	- fabric-convention-tags-v1 1.5.3+b3afc78b27
	- fabric-crash-report-info-v1 0.2.18+aeb40ebe27
	- fabric-data-generation-api-v1 12.1.10+b3afc78b27
	- fabric-dimensions-v1 2.1.51+b3afc78b27
	- fabric-entity-events-v1 1.5.21+b3afc78b27
	- fabric-events-interaction-v0 0.6.0+b3afc78b27
	- fabric-game-rule-api-v1 1.0.38+b04edc7a27
	- fabric-gametest-api-v1 1.2.10+b3afc78b27
	- fabric-item-api-v1 2.1.26+b3afc78b27
	- fabric-item-group-api-v1 4.0.7+b3afc78b27
	- fabric-key-binding-api-v1 1.0.36+fb8d95da27
	- fabric-lifecycle-events-v1 2.2.20+b3afc78b27
	- fabric-loot-api-v2 1.1.37+b3afc78b27
	- fabric-message-api-v1 5.1.6+b3afc78b27
	- fabric-mining-level-api-v1 2.1.47+b3afc78b27
	- fabric-models-v0 0.3.35+b3afc78b27
	- fabric-networking-api-v1 1.3.8+b3afc78b27
	- fabric-object-builder-api-v1 11.0.6+b3afc78b27
	- fabric-particles-v1 1.0.28+b3afc78b27
	- fabric-recipe-api-v1 1.0.18+b3afc78b27
	- fabric-registry-sync-v0 2.2.6+b3afc78b27
	- fabric-renderer-api-v1 3.0.1+b3afc78b27
	- fabric-renderer-indigo 1.3.1+b3afc78b27
	- fabric-rendering-data-attachment-v1 0.3.33+b3afc78b27
	- fabric-rendering-fluids-v1 3.0.26+b3afc78b27
	- fabric-rendering-v1 3.0.6+b3afc78b27
	- fabric-resource-conditions-api-v1 2.3.4+b3afc78b27
	- fabric-resource-loader-v0 0.11.7+f7923f6d27
	- fabric-screen-api-v1 2.0.6+b3afc78b27
	- fabric-screen-handler-api-v1 1.3.27+b3afc78b27
	- fabric-sound-api-v1 1.0.12+b3afc78b27
	- fabric-transfer-api-v1 3.2.2+b3afc78b27
	- fabric-transitive-access-wideners-v1 4.2.0+b3afc78b27
	- fabricloader 0.14.21
	- first_test 0.0.1-1.20
	- geckolib 4.2
	- java 17
	- minecraft 1.20
[11:23:54] [main/INFO] (FabricLoader/Mixin) SpongePowered MIXIN Subsystem Version=0.8.5 Source=file:/C:/Users/Intel%20Core%20I5/.gradle/caches/modules-2/files-2.1/net.fabricmc/sponge-mixin/0.12.5+mixin.0.8.5/8d31fb97c3e0cd7c8dad3441851c523bcfae6d8e/sponge-mixin-0.12.5+mixin.0.8.5.jar Service=Knot/Fabric Env=CLIENT
[11:23:54] [main/INFO] (FabricLoader/Mixin) Loaded Fabric development mappings for mixin remapper!
[11:23:54] [main/INFO] (FabricLoader/Mixin) Compatibility level set to JAVA_16
[11:23:54] [main/INFO] (FabricLoader/Mixin) Compatibility level set to JAVA_17
[11:24:21] [Datafixer Bootstrap/INFO] (Minecraft) 188 Datafixer optimizations took 536 milliseconds
[11:24:27] [Render thread/INFO] (Minecraft) Environment: authHost='https://authserver.mojang.com', accountsHost='https://api.mojang.com', sessionHost='https://sessionserver.mojang.com', servicesHost='https://api.minecraftservices.com', name='PROD'
[11:24:28] [Render thread/ERROR] (Minecraft) Failed to verify authentication
com.mojang.authlib.exceptions.InvalidCredentialsException: Status: 401
	at com.mojang.authlib.exceptions.MinecraftClientHttpException.toAuthenticationException(MinecraftClientHttpException.java:56) ~[authlib-4.0.43.jar:?]
	at com.mojang.authlib.yggdrasil.YggdrasilUserApiService.fetchProperties(YggdrasilUserApiService.java:156) ~[authlib-4.0.43.jar:?]
	at com.mojang.authlib.yggdrasil.YggdrasilUserApiService.<init>(YggdrasilUserApiService.java:55) ~[authlib-4.0.43.jar:?]
	at com.mojang.authlib.yggdrasil.YggdrasilAuthenticationService.createUserApiService(YggdrasilAuthenticationService.java:124) ~[authlib-4.0.43.jar:?]
	at net.minecraft.client.MinecraftClient.createUserApiService(MinecraftClient.java:725) ~[minecraft-clientonly-project-root-1.20-net.fabricmc.yarn.1_20.1.20+build.1-v2.jar:?]
	at net.minecraft.client.MinecraftClient.<init>(MinecraftClient.java:520) ~[minecraft-clientonly-project-root-1.20-net.fabricmc.yarn.1_20.1.20+build.1-v2.jar:?]
	at net.minecraft.client.main.Main.main(Main.java:191) ~[minecraft-clientonly-project-root-1.20-net.fabricmc.yarn.1_20.1.20+build.1-v2.jar:?]
	at net.fabricmc.loader.impl.game.minecraft.MinecraftGameProvider.launch(MinecraftGameProvider.java:468) ~[fabric-loader-0.14.21.jar:?]
	at net.fabricmc.loader.impl.launch.knot.Knot.launch(Knot.java:74) ~[fabric-loader-0.14.21.jar:?]
	at net.fabricmc.loader.impl.launch.knot.KnotClient.main(KnotClient.java:23) ~[fabric-loader-0.14.21.jar:?]
	at net.fabricmc.devlaunchinjector.Main.main(Main.java:86) ~[dev-launch-injector-0.2.1+build.8.jar:?]
Caused by: com.mojang.authlib.exceptions.MinecraftClientHttpException: Status: 401
	at com.mojang.authlib.minecraft.client.MinecraftClient.readInputStream(MinecraftClient.java:85) ~[authlib-4.0.43.jar:?]
	at com.mojang.authlib.minecraft.client.MinecraftClient.get(MinecraftClient.java:48) ~[authlib-4.0.43.jar:?]
	at com.mojang.authlib.yggdrasil.YggdrasilUserApiService.fetchProperties(YggdrasilUserApiService.java:129) ~[authlib-4.0.43.jar:?]
	... 9 more
[11:24:28] [Render thread/INFO] (Minecraft) Setting user: Player260
[11:24:29] [Render thread/INFO] (Indigo) [Indigo] Registering Indigo renderer!
[11:24:30] [Render thread/INFO] (Minecraft) Backend library: LWJGL version 3.3.1 SNAPSHOT
[11:24:34] [Render thread/INFO] (Minecraft) Reloading ResourceManager: vanilla, fabric (fabric-rendering-v1, fabric-loot-api-v2, fabric-data-generation-api-v1, fabric-api, fabric-block-api-v1, fabricloader, fabric-lifecycle-events-v1, fabric-game-rule-api-v1, fabric-content-registries-v0, fabric-blockrenderlayer-v1, fabric-sound-api-v1, fabric-crash-report-info-v1, fabric-message-api-v1, fabric-screen-api-v1, fabric-item-api-v1, fabric-gametest-api-v1, fabric-api-base, fabric-dimensions-v1, fabric-registry-sync-v0, fabric-convention-tags-v1, fabric-networking-api-v1, fabric-renderer-api-v1, fabric-key-binding-api-v1, first_test, fabric-rendering-fluids-v1, fabric-recipe-api-v1, fabric-particles-v1, fabric-resource-loader-v0, fabric-models-v0, fabric-command-api-v2, fabric-object-builder-api-v1, fabric-resource-conditions-api-v1, fabric-transitive-access-wideners-v1, fabric-mining-level-api-v1, fabric-renderer-indigo, fabric-rendering-data-attachment-v1, fabric-transfer-api-v1, fabric-biome-api-v1, fabric-screen-handler-api-v1, fabric-item-group-api-v1, fabric-entity-events-v1, fabric-api-lookup-api-v1, fabric-events-interaction-v0, geckolib, fabric-client-tags-api-v1)
[11:24:35] [Worker-Main-3/INFO] (Minecraft) Found unifont_all_no_pua-15.0.06.hex, loading
[11:24:35] [Realms Notification Availability checker #1/INFO] (Minecraft) Could not authorize you against Realms server: Invalid session id
[11:24:39] [Render thread/WARN] (Minecraft) Missing sound for event: minecraft:item.goat_horn.play
[11:24:39] [Render thread/WARN] (Minecraft) Missing sound for event: minecraft:entity.goat.screaming.horn_break
[11:24:39] [Render thread/INFO] (Minecraft) OpenAL initialized on device OpenAL Soft on Hangszórók (High Definition Audio Device)
[11:24:39] [Render thread/INFO] (Minecraft) Sound engine started
[11:24:39] [Render thread/INFO] (Minecraft) Created: 1024x1024x4 minecraft:textures/atlas/blocks.png-atlas
[11:24:39] [Render thread/INFO] (Minecraft) Created: 256x256x4 minecraft:textures/atlas/signs.png-atlas
[11:24:39] [Render thread/INFO] (Minecraft) Created: 512x512x4 minecraft:textures/atlas/shield_patterns.png-atlas
[11:24:39] [Render thread/INFO] (Minecraft) Created: 512x512x4 minecraft:textures/atlas/banner_patterns.png-atlas
[11:24:39] [Render thread/INFO] (Minecraft) Created: 1024x1024x4 minecraft:textures/atlas/armor_trims.png-atlas
[11:24:39] [Render thread/INFO] (Minecraft) Created: 128x64x4 minecraft:textures/atlas/decorated_pot.png-atlas
[11:24:39] [Render thread/INFO] (Minecraft) Created: 256x256x4 minecraft:textures/atlas/chest.png-atlas
[11:24:39] [Render thread/INFO] (Minecraft) Created: 512x256x4 minecraft:textures/atlas/shulker_boxes.png-atlas
[11:24:39] [Render thread/INFO] (Minecraft) Created: 512x256x4 minecraft:textures/atlas/beds.png-atlas
[11:24:41] [Render thread/WARN] (Minecraft) Shader rendertype_entity_translucent_emissive could not find sampler named Sampler2 in the specified shader program.
[11:24:41] [Render thread/INFO] (Minecraft) Created: 256x256x0 minecraft:textures/atlas/particles.png-atlas
[11:24:41] [Render thread/INFO] (Minecraft) Created: 256x256x0 minecraft:textures/atlas/paintings.png-atlas
[11:24:41] [Render thread/INFO] (Minecraft) Created: 128x128x0 minecraft:textures/atlas/mob_effects.png-atlas
[11:24:50] [Render thread/INFO] (Minecraft) Loaded 7 recipes
[11:24:51] [Render thread/INFO] (Minecraft) Loaded 1271 advancements
[11:24:53] [Render thread/INFO] (BiomeModificationImpl) Applied 0 biome modifications to 0 of 64 new biomes in 3.434 ms
[11:24:53] [Server thread/INFO] (Minecraft) Starting integrated minecraft server version 1.20
[11:24:53] [Server thread/INFO] (Minecraft) Generating keypair
[11:24:54] [Server thread/INFO] (Minecraft) Preparing start region for dimension minecraft:overworld
[11:24:58] [Render thread/INFO] (Minecraft) Preparing spawn area: 0%
[11:24:58] [Render thread/INFO] (Minecraft) Preparing spawn area: 0%
[11:24:58] [Render thread/INFO] (Minecraft) Preparing spawn area: 0%
[11:24:58] [Render thread/INFO] (Minecraft) Preparing spawn area: 0%
[11:24:58] [Render thread/INFO] (Minecraft) Preparing spawn area: 0%
[11:24:58] [Render thread/INFO] (Minecraft) Preparing spawn area: 0%
[11:24:58] [Render thread/INFO] (Minecraft) Preparing spawn area: 0%
[11:24:58] [Render thread/INFO] (Minecraft) Preparing spawn area: 0%
[11:24:58] [Render thread/INFO] (Minecraft) Preparing spawn area: 14%
[11:24:59] [Render thread/INFO] (Minecraft) Preparing spawn area: 22%
[11:24:59] [Server thread/INFO] (first_test) asdf
[11:24:59] [Server thread/INFO] (first_test) asdf
[11:24:59] [Render thread/INFO] (Minecraft) Time elapsed: 5139 ms
[11:25:02] [Server thread/WARN] (Minecraft) Can't keep up! Is the server overloaded? Running 2587ms or 51 ticks behind
[11:25:03] [Server thread/INFO] (Minecraft) Changing view distance to 17, from 10
[11:25:03] [Server thread/INFO] (Minecraft) Changing simulation distance to 32, from 0
[11:25:07] [Server thread/INFO] (Minecraft) Player260[local:E:c1cc691a] logged in with entity id 29 at (2.3048649492967, -60.0, -23.049532467335784)
[11:25:08] [Server thread/INFO] (Minecraft) Player260 joined the game
[11:25:08] [Server thread/INFO] (Minecraft) Player260 has made the advancement [Stone Age]
[11:25:15] [Render thread/INFO] (first_test) asdf
[11:25:15] [Render thread/INFO] (first_test) asdf
[11:25:15] [Render thread/INFO] (Minecraft) [System] [CHAT] Player260 has made the advancement [Stone Age]
[11:25:15] [Render thread/INFO] (Minecraft) Loaded 34 advancements
[11:25:26] [Render thread/INFO] (Minecraft) [System] [CHAT] food level =0
[11:25:26] [Render thread/INFO] (Minecraft) [System] [CHAT] egg =0
[11:25:27] [Render thread/INFO] (Minecraft) [System] [CHAT] food level =0
[11:25:27] [Render thread/INFO] (Minecraft) [System] [CHAT] egg =0
[11:25:28] [Render thread/INFO] (Minecraft) [System] [CHAT] food level =0
[11:25:28] [Render thread/INFO] (Minecraft) [System] [CHAT] egg =0
[11:25:28] [Render thread/INFO] (Minecraft) [System] [CHAT] food level =0
[11:25:28] [Render thread/INFO] (Minecraft) [System] [CHAT] egg =0
[11:25:29] [Render thread/INFO] (Minecraft) [System] [CHAT] food level =0
[11:25:29] [Render thread/INFO] (Minecraft) [System] [CHAT] egg =0
[11:25:29] [Render thread/INFO] (Minecraft) [System] [CHAT] food level =0
[11:25:29] [Render thread/INFO] (Minecraft) [System] [CHAT] egg =0
[11:25:31] [Render thread/INFO] (Minecraft) [System] [CHAT] food level =0
[11:25:31] [Render thread/INFO] (Minecraft) [System] [CHAT] egg =0
[11:25:31] [Render thread/INFO] (Minecraft) [System] [CHAT] food level =0
[11:25:31] [Render thread/INFO] (Minecraft) [System] [CHAT] egg =0
[11:25:54] [Server thread/INFO] (Minecraft) [Player260: Killed 2 entities]
[11:25:54] [Render thread/INFO] (Minecraft) [System] [CHAT] Killed 2 entities
[11:26:04] [Server thread/INFO] (first_test) asdf
[11:26:04] [Server thread/INFO] (Minecraft) [Player260: Summoned new entity.first_test.test_entity]
[11:26:04] [Render thread/INFO] (first_test) asdf
[11:26:04] [Render thread/INFO] (Minecraft) [System] [CHAT] Summoned new entity.first_test.test_entity
[11:26:07] [Render thread/INFO] (Minecraft) [System] [CHAT] food level =100
[11:26:07] [Render thread/INFO] (Minecraft) [System] [CHAT] egg =0
[11:26:07] [Render thread/INFO] (Minecraft) [System] [CHAT] food level =100
[11:26:07] [Render thread/INFO] (Minecraft) [System] [CHAT] egg =0
[11:26:07] [Render thread/INFO] (Minecraft) [System] [CHAT] food level =100
[11:26:07] [Render thread/INFO] (Minecraft) [System] [CHAT] egg =0
[11:26:07] [Render thread/INFO] (Minecraft) [System] [CHAT] food level =100
[11:26:07] [Render thread/INFO] (Minecraft) [System] [CHAT] egg =0
[11:26:07] [Render thread/INFO] (Minecraft) [System] [CHAT] food level =100
[11:26:07] [Render thread/INFO] (Minecraft) [System] [CHAT] egg =0
[11:26:08] [Render thread/INFO] (Minecraft) [System] [CHAT] food level =100
[11:26:08] [Render thread/INFO] (Minecraft) [System] [CHAT] egg =0
[11:26:17] [Render thread/INFO] (Minecraft) Loaded 37 advancements
[11:26:17] [Render thread/INFO] (Minecraft) [System] [CHAT] food level =100
[11:26:17] [Render thread/INFO] (Minecraft) [System] [CHAT] egg =0
[11:26:18] [Render thread/INFO] (Minecraft) [System] [CHAT] food level =100
[11:26:18] [Render thread/INFO] (Minecraft) [System] [CHAT] egg =0
[11:26:18] [Render thread/INFO] (Minecraft) [System] [CHAT] food level =100
[11:26:18] [Render thread/INFO] (Minecraft) [System] [CHAT] egg =0
[11:26:30] [Render thread/INFO] (Minecraft) [System] [CHAT] food level =100
[11:26:30] [Render thread/INFO] (Minecraft) [System] [CHAT] egg =0
[11:26:31] [Server thread/INFO] (Minecraft) Saving and pausing game...
[11:26:31] [Server thread/INFO] (Minecraft) Saving chunks for level 'ServerLevel[New World]'/minecraft:overworld
[11:26:31] [Server thread/INFO] (Minecraft) Saving chunks for level 'ServerLevel[New World]'/minecraft:the_end
[11:26:31] [Server thread/INFO] (Minecraft) Saving chunks for level 'ServerLevel[New World]'/minecraft:the_nether
[11:27:17] [Render thread/INFO] (Minecraft) [System] [CHAT] food level =100
[11:27:17] [Render thread/INFO] (Minecraft) [System] [CHAT] egg =0
[11:27:18] [Render thread/INFO] (Minecraft) [System] [CHAT] food level =99
[11:27:18] [Render thread/INFO] (Minecraft) [System] [CHAT] egg =0
[11:27:18] [Render thread/INFO] (Minecraft) [System] [CHAT] food level =100
[11:27:18] [Render thread/INFO] (Minecraft) [System] [CHAT] egg =0
[11:27:19] [Render thread/INFO] (Minecraft) [System] [CHAT] food level =100
[11:27:19] [Render thread/INFO] (Minecraft) [System] [CHAT] egg =0
[11:27:19] [Render thread/INFO] (Minecraft) [System] [CHAT] food level =100
[11:27:19] [Render thread/INFO] (Minecraft) [System] [CHAT] egg =0
[11:27:22] [Render thread/INFO] (Minecraft) [System] [CHAT] food level =100
[11:27:22] [Render thread/INFO] (Minecraft) [System] [CHAT] egg =0
[11:27:22] [Render thread/INFO] (Minecraft) [System] [CHAT] food level =100
[11:27:22] [Render thread/INFO] (Minecraft) [System] [CHAT] egg =0
[11:27:23] [Render thread/INFO] (Minecraft) [System] [CHAT] food level =100
[11:27:23] [Render thread/INFO] (Minecraft) [System] [CHAT] egg =0
[11:27:23] [Render thread/INFO] (Minecraft) [System] [CHAT] food level =100
[11:27:23] [Render thread/INFO] (Minecraft) [System] [CHAT] egg =0
[11:27:23] [Render thread/INFO] (Minecraft) [System] [CHAT] food level =100
[11:27:23] [Render thread/INFO] (Minecraft) [System] [CHAT] egg =0
[11:27:23] [Render thread/INFO] (Minecraft) [System] [CHAT] food level =100
[11:27:23] [Render thread/INFO] (Minecraft) [System] [CHAT] egg =0
[11:27:23] [Render thread/INFO] (Minecraft) [System] [CHAT] food level =100
[11:27:23] [Render thread/INFO] (Minecraft) [System] [CHAT] egg =0
[11:27:23] [Render thread/INFO] (Minecraft) [System] [CHAT] food level =100
[11:27:23] [Render thread/INFO] (Minecraft) [System] [CHAT] egg =0
[11:27:23] [Render thread/INFO] (Minecraft) [System] [CHAT] food level =100
[11:27:23] [Render thread/INFO] (Minecraft) [System] [CHAT] egg =0
[11:27:23] [Render thread/INFO] (Minecraft) [System] [CHAT] food level =100
[11:27:23] [Render thread/INFO] (Minecraft) [System] [CHAT] egg =0
[11:27:23] [Render thread/INFO] (Minecraft) [System] [CHAT] food level =100
[11:27:23] [Render thread/INFO] (Minecraft) [System] [CHAT] egg =0
[11:27:24] [Render thread/INFO] (Minecraft) [System] [CHAT] food level =100
[11:27:24] [Render thread/INFO] (Minecraft) [System] [CHAT] egg =0
[11:27:24] [Render thread/INFO] (Minecraft) [System] [CHAT] food level =100
[11:27:24] [Render thread/INFO] (Minecraft) [System] [CHAT] egg =0
[11:27:29] [Server thread/INFO] (Minecraft) Saving and pausing game...
[11:27:29] [Server thread/INFO] (Minecraft) Saving chunks for level 'ServerLevel[New World]'/minecraft:overworld
[11:27:29] [Server thread/INFO] (Minecraft) Saving chunks for level 'ServerLevel[New World]'/minecraft:the_end
[11:27:29] [Server thread/INFO] (Minecraft) Saving chunks for level 'ServerLevel[New World]'/minecraft:the_nether
[11:30:24] [Render thread/INFO] (Minecraft) [System] [CHAT] food level =95
[11:30:24] [Render thread/INFO] (Minecraft) [System] [CHAT] egg =0
[11:30:25] [Render thread/INFO] (Minecraft) [System] [CHAT] food level =98
[11:30:25] [Render thread/INFO] (Minecraft) [System] [CHAT] egg =0
[11:30:26] [Render thread/INFO] (Minecraft) [System] [CHAT] food level =99
[11:30:26] [Render thread/INFO] (Minecraft) [System] [CHAT] egg =0
[11:30:26] [Render thread/INFO] (Minecraft) [System] [CHAT] food level =99
[11:30:26] [Render thread/INFO] (Minecraft) [System] [CHAT] egg =1
[11:30:26] [Render thread/INFO] (Minecraft) [System] [CHAT] food level =98
[11:30:26] [Render thread/INFO] (Minecraft) [System] [CHAT] egg =2
[11:30:26] [Render thread/INFO] (Minecraft) [System] [CHAT] food level =98
[11:30:26] [Render thread/INFO] (Minecraft) [System] [CHAT] egg =3
[11:30:47] [Render thread/INFO] (Minecraft) [System] [CHAT] food level =64
[11:30:47] [Render thread/INFO] (Minecraft) [System] [CHAT] egg =0
[11:30:50] [Render thread/INFO] (Minecraft) [System] [CHAT] food level =69
[11:30:50] [Render thread/INFO] (Minecraft) [System] [CHAT] egg =0
[11:30:50] [Render thread/INFO] (Minecraft) [System] [CHAT] food level =68
[11:30:50] [Render thread/INFO] (Minecraft) [System] [CHAT] egg =1
[11:30:51] [Render thread/INFO] (Minecraft) [System] [CHAT] food level =68
[11:30:51] [Render thread/INFO] (Minecraft) [System] [CHAT] egg =2
[11:30:51] [Render thread/INFO] (Minecraft) [System] [CHAT] food level =97
[11:30:51] [Render thread/INFO] (Minecraft) [System] [CHAT] egg =0
[11:30:51] [Render thread/INFO] (Minecraft) [System] [CHAT] food level =96
[11:30:51] [Render thread/INFO] (Minecraft) [System] [CHAT] egg =1
[11:30:51] [Render thread/INFO] (Minecraft) [System] [CHAT] food level =96
[11:30:51] [Render thread/INFO] (Minecraft) [System] [CHAT] egg =2
[11:30:52] [Render thread/INFO] (Minecraft) [System] [CHAT] food level =96
[11:30:52] [Render thread/INFO] (Minecraft) [System] [CHAT] egg =3
[11:30:52] [Render thread/INFO] (Minecraft) [System] [CHAT] food level =98
[11:30:52] [Render thread/INFO] (Minecraft) [System] [CHAT] egg =3
[11:30:54] [Render thread/INFO] (Minecraft) [System] [CHAT] food level =99
[11:30:54] [Render thread/INFO] (Minecraft) [System] [CHAT] egg =2
[11:30:55] [Render thread/INFO] (Minecraft) [System] [CHAT] food level =98
[11:30:55] [Render thread/INFO] (Minecraft) [System] [CHAT] egg =2
[11:30:57] [Render thread/INFO] (Minecraft) [System] [CHAT] food level =99
[11:30:57] [Render thread/INFO] (Minecraft) [System] [CHAT] egg =1
[11:31:29] [Server thread/INFO] (Minecraft) Saving and pausing game...
[11:31:29] [Server thread/INFO] (Minecraft) Saving chunks for level 'ServerLevel[New World]'/minecraft:overworld
[11:31:29] [Server thread/INFO] (Minecraft) Saving chunks for level 'ServerLevel[New World]'/minecraft:the_end
[11:31:29] [Server thread/INFO] (Minecraft) Saving chunks for level 'ServerLevel[New World]'/minecraft:the_nether
[11:32:13] [Render thread/INFO] (Minecraft) [System] [CHAT] food level =27
[11:32:13] [Render thread/INFO] (Minecraft) [System] [CHAT] egg =0
[11:32:13] [Render thread/INFO] (Minecraft) [System] [CHAT] food level =26
[11:32:13] [Render thread/INFO] (Minecraft) [System] [CHAT] egg =1
[11:32:14] [Render thread/INFO] (Minecraft) [System] [CHAT] food level =25
[11:32:14] [Render thread/INFO] (Minecraft) [System] [CHAT] egg =2
[11:32:14] [Render thread/INFO] (Minecraft) [System] [CHAT] food level =24
[11:32:14] [Render thread/INFO] (Minecraft) [System] [CHAT] egg =3
[11:32:15] [Render thread/INFO] (Minecraft) [System] [CHAT] food level =63
[11:32:15] [Render thread/INFO] (Minecraft) [System] [CHAT] egg =0
[11:32:16] [Render thread/INFO] (Minecraft) [System] [CHAT] food level =61
[11:32:16] [Render thread/INFO] (Minecraft) [System] [CHAT] egg =1
[11:32:16] [Render thread/INFO] (Minecraft) [System] [CHAT] food level =60
[11:32:16] [Render thread/INFO] (Minecraft) [System] [CHAT] egg =2
[11:32:17] [Render thread/INFO] (Minecraft) [System] [CHAT] food level =59
[11:32:17] [Render thread/INFO] (Minecraft) [System] [CHAT] egg =3
[11:32:17] [Render thread/INFO] (Minecraft) [System] [CHAT] food level =58
[11:32:17] [Render thread/INFO] (Minecraft) [System] [CHAT] egg =4
[11:32:18] [Render thread/INFO] (Minecraft) [System] [CHAT] food level =57
[11:32:18] [Render thread/INFO] (Minecraft) [System] [CHAT] egg =5
[11:32:19] [Render thread/INFO] (Minecraft) [System] [CHAT] food level =56
[11:32:19] [Render thread/INFO] (Minecraft) [System] [CHAT] egg =6
[11:32:22] [Render thread/INFO] (Minecraft) [System] [CHAT] food level =50
[11:32:22] [Render thread/INFO] (Minecraft) [System] [CHAT] egg =7
[11:32:22] [Render thread/INFO] (Minecraft) [System] [CHAT] food level =49
[11:32:22] [Render thread/INFO] (Minecraft) [System] [CHAT] egg =8
[11:32:22] [Render thread/INFO] (Minecraft) [System] [CHAT] food level =49
[11:32:22] [Render thread/INFO] (Minecraft) [System] [CHAT] egg =9
[11:32:22] [Render thread/INFO] (Minecraft) [System] [CHAT] food level =49
[11:32:22] [Render thread/INFO] (Minecraft) [System] [CHAT] egg =10
[11:32:22] [Render thread/INFO] (Minecraft) [System] [CHAT] food level =49
[11:32:22] [Render thread/INFO] (Minecraft) [System] [CHAT] egg =11
[11:32:22] [Render thread/INFO] (Minecraft) [System] [CHAT] food level =48
[11:32:22] [Render thread/INFO] (Minecraft) [System] [CHAT] egg =12
[11:32:23] [Render thread/INFO] (Minecraft) [System] [CHAT] food level =47
[11:32:23] [Render thread/INFO] (Minecraft) [System] [CHAT] egg =13
[11:32:23] [Render thread/INFO] (Minecraft) [System] [CHAT] food level =47
[11:32:23] [Render thread/INFO] (Minecraft) [System] [CHAT] egg =14
[11:32:23] [Render thread/INFO] (Minecraft) [System] [CHAT] food level =47
[11:32:23] [Render thread/INFO] (Minecraft) [System] [CHAT] egg =15
[11:32:23] [Render thread/INFO] (Minecraft) [System] [CHAT] food level =47
[11:32:23] [Render thread/INFO] (Minecraft) [System] [CHAT] egg =16
[11:32:23] [Render thread/INFO] (Minecraft) [System] [CHAT] food level =46
[11:32:23] [Render thread/INFO] (Minecraft) [System] [CHAT] egg =17
[11:32:24] [Render thread/INFO] (Minecraft) [System] [CHAT] food level =45
[11:32:24] [Render thread/INFO] (Minecraft) [System] [CHAT] egg =18
[11:32:24] [Render thread/INFO] (Minecraft) [System] [CHAT] food level =45
[11:32:24] [Render thread/INFO] (Minecraft) [System] [CHAT] egg =19
[11:32:24] [Render thread/INFO] (Minecraft) [System] [CHAT] food level =45
[11:32:24] [Render thread/INFO] (Minecraft) [System] [CHAT] egg =20
[11:32:24] [Render thread/INFO] (Minecraft) [System] [CHAT] food level =44
[11:32:24] [Render thread/INFO] (Minecraft) [System] [CHAT] egg =21
[11:32:29] [Render thread/INFO] (Minecraft) [System] [CHAT] food level =35
[11:32:29] [Render thread/INFO] (Minecraft) [System] [CHAT] egg =22
[11:32:32] [Render thread/INFO] (Minecraft) [System] [CHAT] food level =29
[11:32:32] [Render thread/INFO] (Minecraft) [System] [CHAT] egg =23
[11:32:34] [Render thread/INFO] (Minecraft) [System] [CHAT] food level =25
[11:32:34] [Render thread/INFO] (Minecraft) [System] [CHAT] egg =24
[11:32:35] [Render thread/INFO] (Minecraft) [System] [CHAT] food level =98
[11:32:35] [Render thread/INFO] (Minecraft) [System] [CHAT] egg =17
[11:33:18] [Server thread/INFO] (Minecraft) Saving and pausing game...
[11:33:18] [Server thread/INFO] (Minecraft) Saving chunks for level 'ServerLevel[New World]'/minecraft:overworld
[11:33:18] [Server thread/INFO] (Minecraft) Saving chunks for level 'ServerLevel[New World]'/minecraft:the_end
[11:33:18] [Server thread/INFO] (Minecraft) Saving chunks for level 'ServerLevel[New World]'/minecraft:the_nether
[11:35:04] [Render thread/INFO] (Minecraft) [System] [CHAT] food level =68
[11:35:04] [Render thread/INFO] (Minecraft) [System] [CHAT] egg =10
[11:35:05] [Render thread/INFO] (Minecraft) [System] [CHAT] food level =65
[11:35:05] [Render thread/INFO] (Minecraft) [System] [CHAT] egg =11
[11:35:56] [Server thread/INFO] (Minecraft) Saving and pausing game...
[11:35:56] [Server thread/INFO] (Minecraft) Saving chunks for level 'ServerLevel[New World]'/minecraft:overworld
[11:35:56] [Server thread/INFO] (Minecraft) Saving chunks for level 'ServerLevel[New World]'/minecraft:the_end
[11:35:56] [Server thread/INFO] (Minecraft) Saving chunks for level 'ServerLevel[New World]'/minecraft:the_nether
[11:37:45] [Render thread/INFO] (Minecraft) [System] [CHAT] food level =31
[11:37:45] [Render thread/INFO] (Minecraft) [System] [CHAT] egg =4
[11:37:46] [Render thread/INFO] (Minecraft) [System] [CHAT] food level =29
[11:37:46] [Render thread/INFO] (Minecraft) [System] [CHAT] egg =5
[11:37:47] [Render thread/INFO] (Minecraft) [System] [CHAT] food level =27
[11:37:47] [Render thread/INFO] (Minecraft) [System] [CHAT] egg =6
[11:37:49] [Render thread/INFO] (Minecraft) [System] [CHAT] food level =91
[11:37:49] [Render thread/INFO] (Minecraft) [System] [CHAT] egg =0
[11:37:51] [Render thread/INFO] (Minecraft) [System] [CHAT] food level =88
[11:37:51] [Render thread/INFO] (Minecraft) [System] [CHAT] egg =1
[11:37:51] [Render thread/INFO] (Minecraft) [System] [CHAT] food level =88
[11:37:51] [Render thread/INFO] (Minecraft) [System] [CHAT] egg =2
[11:37:52] [Render thread/INFO] (Minecraft) [System] [CHAT] food level =87
[11:37:52] [Render thread/INFO] (Minecraft) [System] [CHAT] egg =3
[11:37:52] [Render thread/INFO] (Minecraft) [System] [CHAT] food level =87
[11:37:52] [Render thread/INFO] (Minecraft) [System] [CHAT] egg =4
[11:37:52] [Render thread/INFO] (Minecraft) [System] [CHAT] food level =87
[11:37:52] [Render thread/INFO] (Minecraft) [System] [CHAT] egg =5
[11:37:52] [Render thread/INFO] (Minecraft) [System] [CHAT] food level =86
[11:37:52] [Render thread/INFO] (Minecraft) [System] [CHAT] egg =6
[11:37:52] [Render thread/INFO] (Minecraft) [System] [CHAT] food level =86
[11:37:52] [Render thread/INFO] (Minecraft) [System] [CHAT] egg =7
[11:37:52] [Render thread/INFO] (Minecraft) [System] [CHAT] food level =86
[11:37:52] [Render thread/INFO] (Minecraft) [System] [CHAT] egg =8
[11:37:53] [Render thread/INFO] (Minecraft) [System] [CHAT] food level =85
[11:37:53] [Render thread/INFO] (Minecraft) [System] [CHAT] egg =9
[11:37:53] [Render thread/INFO] (Minecraft) [System] [CHAT] food level =85
[11:37:53] [Render thread/INFO] (Minecraft) [System] [CHAT] egg =10
[11:37:53] [Render thread/INFO] (Minecraft) [System] [CHAT] food level =85
[11:37:53] [Render thread/INFO] (Minecraft) [System] [CHAT] egg =11
[11:37:53] [Render thread/INFO] (Minecraft) [System] [CHAT] food level =84
[11:37:53] [Render thread/INFO] (Minecraft) [System] [CHAT] egg =12
[11:37:53] [Render thread/INFO] (Minecraft) [System] [CHAT] food level =84
[11:37:53] [Render thread/INFO] (Minecraft) [System] [CHAT] egg =13
[11:37:53] [Render thread/INFO] (Minecraft) [System] [CHAT] food level =84
[11:37:53] [Render thread/INFO] (Minecraft) [System] [CHAT] egg =14
[11:37:53] [Render thread/INFO] (Minecraft) [System] [CHAT] food level =84
[11:37:53] [Render thread/INFO] (Minecraft) [System] [CHAT] egg =15
[11:37:54] [Render thread/INFO] (Minecraft) [System] [CHAT] food level =83
[11:37:54] [Render thread/INFO] (Minecraft) [System] [CHAT] egg =16
[11:37:54] [Render thread/INFO] (Minecraft) [System] [CHAT] food level =83
[11:37:54] [Render thread/INFO] (Minecraft) [System] [CHAT] egg =17
[11:37:54] [Render thread/INFO] (Minecraft) [System] [CHAT] food level =83
[11:37:54] [Render thread/INFO] (Minecraft) [System] [CHAT] egg =18
[11:37:54] [Render thread/INFO] (Minecraft) [System] [CHAT] food level =82
[11:37:54] [Render thread/INFO] (Minecraft) [System] [CHAT] egg =19
[11:37:54] [Render thread/INFO] (Minecraft) [System] [CHAT] food level =82
[11:37:54] [Render thread/INFO] (Minecraft) [System] [CHAT] egg =20
[11:37:55] [Render thread/INFO] (Minecraft) [System] [CHAT] food level =81
[11:37:55] [Render thread/INFO] (Minecraft) [System] [CHAT] egg =21
[11:37:55] [Render thread/INFO] (Minecraft) [System] [CHAT] food level =81
[11:37:55] [Render thread/INFO] (Minecraft) [System] [CHAT] egg =22
[11:37:55] [Render thread/INFO] (Minecraft) [System] [CHAT] food level =81
[11:37:55] [Render thread/INFO] (Minecraft) [System] [CHAT] egg =23
[11:37:55] [Render thread/INFO] (Minecraft) [System] [CHAT] food level =80
[11:37:55] [Render thread/INFO] (Minecraft) [System] [CHAT] egg =24
[11:37:55] [Render thread/INFO] (Minecraft) [System] [CHAT] food level =80
[11:37:55] [Render thread/INFO] (Minecraft) [System] [CHAT] egg =25
[11:37:55] [Render thread/INFO] (Minecraft) [System] [CHAT] food level =80
[11:37:55] [Render thread/INFO] (Minecraft) [System] [CHAT] egg =26
[11:37:55] [Render thread/INFO] (Minecraft) [System] [CHAT] food level =79
[11:37:55] [Render thread/INFO] (Minecraft) [System] [CHAT] egg =27
[11:37:56] [Render thread/INFO] (Minecraft) [System] [CHAT] food level =79
[11:37:56] [Render thread/INFO] (Minecraft) [System] [CHAT] egg =28
[11:37:56] [Render thread/INFO] (Minecraft) [System] [CHAT] food level =79
[11:37:56] [Render thread/INFO] (Minecraft) [System] [CHAT] egg =29
[11:37:56] [Render thread/INFO] (Minecraft) [System] [CHAT] food level =79
[11:37:56] [Render thread/INFO] (Minecraft) [System] [CHAT] egg =30
[11:37:56] [Render thread/INFO] (Minecraft) [System] [CHAT] food level =78
[11:37:56] [Render thread/INFO] (Minecraft) [System] [CHAT] egg =31
[11:37:56] [Render thread/INFO] (Minecraft) [System] [CHAT] food level =78
[11:37:56] [Render thread/INFO] (Minecraft) [System] [CHAT] egg =32
[11:37:56] [Render thread/INFO] (Minecraft) [System] [CHAT] food level =78
[11:37:56] [Render thread/INFO] (Minecraft) [System] [CHAT] egg =33
[11:37:57] [Render thread/INFO] (Minecraft) [System] [CHAT] food level =77
[11:37:57] [Render thread/INFO] (Minecraft) [System] [CHAT] egg =34
[11:37:57] [Render thread/INFO] (Minecraft) [System] [CHAT] food level =76
[11:37:57] [Render thread/INFO] (Minecraft) [System] [CHAT] egg =35
[11:38:07] [Render thread/INFO] (Minecraft) [System] [CHAT] food level =56
[11:38:07] [Render thread/INFO] (Minecraft) [System] [CHAT] egg =36
[11:38:08] [Render thread/INFO] (Minecraft) [System] [CHAT] food level =55
[11:38:08] [Render thread/INFO] (Minecraft) [System] [CHAT] egg =37
[11:38:08] [Render thread/INFO] (Minecraft) [System] [CHAT] food level =55
[11:38:08] [Render thread/INFO] (Minecraft) [System] [CHAT] egg =38
[11:38:08] [Render thread/INFO] (Minecraft) Loaded 38 advancements
[11:41:00] [Server thread/INFO] (Minecraft) Saving and pausing game...
[11:41:00] [Server thread/INFO] (Minecraft) Saving chunks for level 'ServerLevel[New World]'/minecraft:overworld
[11:41:00] [Server thread/INFO] (Minecraft) Saving chunks for level 'ServerLevel[New World]'/minecraft:the_end
[11:41:00] [Server thread/INFO] (Minecraft) Saving chunks for level 'ServerLevel[New World]'/minecraft:the_nether
[11:46:31] [Render thread/INFO] (Minecraft) [System] [CHAT] food level =72
[11:46:31] [Render thread/INFO] (Minecraft) [System] [CHAT] egg =0
[11:46:31] [Render thread/INFO] (Minecraft) [System] [CHAT] name level =literal{im am a name}[style={}]
[11:46:38] [Server thread/INFO] (Minecraft) Saving and pausing game...
[11:46:38] [Server thread/INFO] (Minecraft) Saving chunks for level 'ServerLevel[New World]'/minecraft:overworld
[11:46:38] [Server thread/INFO] (Minecraft) Saving chunks for level 'ServerLevel[New World]'/minecraft:the_end
[11:46:38] [Server thread/INFO] (Minecraft) Saving chunks for level 'ServerLevel[New World]'/minecraft:the_nether
[11:46:54] [Render thread/INFO] (Minecraft) [System] [CHAT] food level =49
[11:46:54] [Render thread/INFO] (Minecraft) [System] [CHAT] egg =1
[11:46:54] [Render thread/INFO] (Minecraft) [System] [CHAT] name level =im am a name
[11:46:58] [Server thread/INFO] (Minecraft) Saving and pausing game...
[11:46:58] [Server thread/INFO] (Minecraft) Saving chunks for level 'ServerLevel[New World]'/minecraft:overworld
[11:46:58] [Server thread/INFO] (Minecraft) Saving chunks for level 'ServerLevel[New World]'/minecraft:the_end
[11:46:58] [Server thread/INFO] (Minecraft) Saving chunks for level 'ServerLevel[New World]'/minecraft:the_nether
[11:47:37] [Render thread/INFO] (Minecraft) [System] [CHAT] food level =34
[11:47:37] [Render thread/INFO] (Minecraft) [System] [CHAT] egg =2
[11:47:37] [Render thread/INFO] (Minecraft) [System] [CHAT] name level =im am a name
[11:47:38] [Render thread/INFO] (Minecraft) [System] [CHAT] food level =33
[11:47:38] [Render thread/INFO] (Minecraft) [System] [CHAT] egg =3
[11:47:38] [Render thread/INFO] (Minecraft) [System] [CHAT] name level =af
[11:47:39] [Server thread/INFO] (Minecraft) Saving and pausing game...
[11:47:39] [Server thread/INFO] (Minecraft) Saving chunks for level 'ServerLevel[New World]'/minecraft:overworld
[11:47:39] [Server thread/INFO] (Minecraft) Saving chunks for level 'ServerLevel[New World]'/minecraft:the_end
[11:47:39] [Server thread/INFO] (Minecraft) Saving chunks for level 'ServerLevel[New World]'/minecraft:the_nether
[11:47:58] [Render thread/INFO] (Minecraft) [System] [CHAT] food level =35
[11:47:58] [Render thread/INFO] (Minecraft) [System] [CHAT] egg =0
[11:47:58] [Render thread/INFO] (Minecraft) [System] [CHAT] name level =af
[11:48:01] [Render thread/INFO] (Minecraft) [System] [CHAT] food level =30
[11:48:01] [Render thread/INFO] (Minecraft) [System] [CHAT] egg =1
[11:48:01] [Render thread/INFO] (Minecraft) [System] [CHAT] name level =af
[11:48:01] [Render thread/INFO] (Minecraft) [System] [CHAT] food level =30
[11:48:01] [Render thread/INFO] (Minecraft) [System] [CHAT] egg =2
[11:48:01] [Render thread/INFO] (Minecraft) [System] [CHAT] name level =af
[11:48:01] [Render thread/INFO] (Minecraft) [System] [CHAT] food level =30
[11:48:01] [Render thread/INFO] (Minecraft) [System] [CHAT] egg =3
[11:48:01] [Render thread/INFO] (Minecraft) [System] [CHAT] name level =af
[11:48:01] [Render thread/INFO] (Minecraft) [System] [CHAT] food level =29
[11:48:01] [Render thread/INFO] (Minecraft) [System] [CHAT] egg =4
[11:48:01] [Render thread/INFO] (Minecraft) [System] [CHAT] name level =af
[11:48:01] [Render thread/INFO] (Minecraft) [System] [CHAT] food level =29
[11:48:01] [Render thread/INFO] (Minecraft) [System] [CHAT] egg =5
[11:48:01] [Render thread/INFO] (Minecraft) [System] [CHAT] name level =af
[11:48:01] [Render thread/INFO] (Minecraft) [System] [CHAT] food level =29
[11:48:01] [Render thread/INFO] (Minecraft) [System] [CHAT] egg =6
[11:48:01] [Render thread/INFO] (Minecraft) [System] [CHAT] name level =af
[11:48:01] [Render thread/INFO] (Minecraft) [System] [CHAT] food level =28
[11:48:01] [Render thread/INFO] (Minecraft) [System] [CHAT] egg =7
[11:48:01] [Render thread/INFO] (Minecraft) [System] [CHAT] name level =af
[11:48:02] [Render thread/INFO] (Minecraft) [System] [CHAT] food level =28
[11:48:02] [Render thread/INFO] (Minecraft) [System] [CHAT] egg =8
[11:48:02] [Render thread/INFO] (Minecraft) [System] [CHAT] name level =af
[11:48:02] [Render thread/INFO] (Minecraft) [System] [CHAT] food level =28
[11:48:02] [Render thread/INFO] (Minecraft) [System] [CHAT] egg =9
[11:48:02] [Render thread/INFO] (Minecraft) [System] [CHAT] name level =af
[11:48:02] [Render thread/INFO] (Minecraft) [System] [CHAT] food level =28
[11:48:02] [Render thread/INFO] (Minecraft) [System] [CHAT] egg =10
[11:48:02] [Render thread/INFO] (Minecraft) [System] [CHAT] name level =af
[11:48:02] [Render thread/INFO] (Minecraft) [System] [CHAT] food level =27
[11:48:02] [Render thread/INFO] (Minecraft) [System] [CHAT] egg =11
[11:48:02] [Render thread/INFO] (Minecraft) [System] [CHAT] name level =af
[11:48:02] [Render thread/INFO] (Minecraft) [System] [CHAT] food level =27
[11:48:02] [Render thread/INFO] (Minecraft) [System] [CHAT] egg =12
[11:48:02] [Render thread/INFO] (Minecraft) [System] [CHAT] name level =af
[11:48:02] [Render thread/INFO] (Minecraft) [System] [CHAT] food level =27
[11:48:02] [Render thread/INFO] (Minecraft) [System] [CHAT] egg =13
[11:48:02] [Render thread/INFO] (Minecraft) [System] [CHAT] name level =af
[11:48:03] [Render thread/INFO] (Minecraft) [System] [CHAT] food level =26
[11:48:03] [Render thread/INFO] (Minecraft) [System] [CHAT] egg =14
[11:48:03] [Render thread/INFO] (Minecraft) [System] [CHAT] name level =af
[11:48:03] [Render thread/INFO] (Minecraft) [System] [CHAT] food level =26
[11:48:03] [Render thread/INFO] (Minecraft) [System] [CHAT] egg =15
[11:48:03] [Render thread/INFO] (Minecraft) [System] [CHAT] name level =af
[11:48:03] [Render thread/INFO] (Minecraft) [System] [CHAT] food level =26
[11:48:03] [Render thread/INFO] (Minecraft) [System] [CHAT] egg =16
[11:48:03] [Render thread/INFO] (Minecraft) [System] [CHAT] name level =af
[11:48:03] [Render thread/INFO] (Minecraft) [System] [CHAT] food level =25
[11:48:03] [Render thread/INFO] (Minecraft) [System] [CHAT] egg =17
[11:48:03] [Render thread/INFO] (Minecraft) [System] [CHAT] name level =af
[11:48:03] [Render thread/INFO] (Minecraft) [System] [CHAT] food level =25
[11:48:03] [Render thread/INFO] (Minecraft) [System] [CHAT] egg =18
[11:48:03] [Render thread/INFO] (Minecraft) [System] [CHAT] name level =af
[11:48:03] [Render thread/INFO] (Minecraft) [System] [CHAT] food level =25
[11:48:03] [Render thread/INFO] (Minecraft) [System] [CHAT] egg =19
[11:48:03] [Render thread/INFO] (Minecraft) [System] [CHAT] name level =af
[11:48:03] [Render thread/INFO] (Minecraft) [System] [CHAT] food level =25
[11:48:03] [Render thread/INFO] (Minecraft) [System] [CHAT] egg =20
[11:48:03] [Render thread/INFO] (Minecraft) [System] [CHAT] name level =af
[11:48:03] [Render thread/INFO] (Minecraft) [System] [CHAT] food level =24
[11:48:03] [Render thread/INFO] (Minecraft) [System] [CHAT] egg =21
[11:48:03] [Render thread/INFO] (Minecraft) [System] [CHAT] name level =af
[11:48:04] [Render thread/INFO] (Minecraft) [System] [CHAT] food level =24
[11:48:04] [Render thread/INFO] (Minecraft) [System] [CHAT] egg =22
[11:48:04] [Render thread/INFO] (Minecraft) [System] [CHAT] name level =af
[11:48:04] [Render thread/INFO] (Minecraft) [System] [CHAT] food level =24
[11:48:04] [Render thread/INFO] (Minecraft) [System] [CHAT] egg =23
[11:48:04] [Render thread/INFO] (Minecraft) [System] [CHAT] name level =af
[11:48:04] [Render thread/INFO] (Minecraft) [System] [CHAT] food level =99
[11:48:04] [Render thread/INFO] (Minecraft) [System] [CHAT] egg =16
[11:48:04] [Render thread/INFO] (Minecraft) [System] [CHAT] name level =af
[11:48:04] [Render thread/INFO] (Minecraft) [System] [CHAT] food level =99
[11:48:04] [Render thread/INFO] (Minecraft) [System] [CHAT] egg =17
[11:48:04] [Render thread/INFO] (Minecraft) [System] [CHAT] name level =af
[11:48:04] [Render thread/INFO] (Minecraft) [System] [CHAT] food level =99
[11:48:04] [Render thread/INFO] (Minecraft) [System] [CHAT] egg =18
[11:48:04] [Render thread/INFO] (Minecraft) [System] [CHAT] name level =af
[11:48:04] [Render thread/INFO] (Minecraft) [System] [CHAT] food level =99
[11:48:04] [Render thread/INFO] (Minecraft) [System] [CHAT] egg =19
[11:48:04] [Render thread/INFO] (Minecraft) [System] [CHAT] name level =af
[11:48:05] [Render thread/INFO] (Minecraft) [System] [CHAT] food level =98
[11:48:05] [Render thread/INFO] (Minecraft) [System] [CHAT] egg =20
[11:48:05] [Render thread/INFO] (Minecraft) [System] [CHAT] name level =af
[11:48:05] [Render thread/INFO] (Minecraft) [System] [CHAT] food level =98
[11:48:05] [Render thread/INFO] (Minecraft) [System] [CHAT] egg =21
[11:48:05] [Render thread/INFO] (Minecraft) [System] [CHAT] name level =af
[11:48:05] [Render thread/INFO] (Minecraft) [System] [CHAT] food level =98
[11:48:05] [Render thread/INFO] (Minecraft) [System] [CHAT] egg =22
[11:48:05] [Render thread/INFO] (Minecraft) [System] [CHAT] name level =af
[11:48:05] [Render thread/INFO] (Minecraft) [System] [CHAT] food level =97
[11:48:05] [Render thread/INFO] (Minecraft) [System] [CHAT] egg =23
[11:48:05] [Render thread/INFO] (Minecraft) [System] [CHAT] name level =af
[11:48:05] [Render thread/INFO] (Minecraft) [System] [CHAT] food level =97
[11:48:05] [Render thread/INFO] (Minecraft) [System] [CHAT] egg =24
[11:48:05] [Render thread/INFO] (Minecraft) [System] [CHAT] name level =af
[11:48:26] [Server thread/INFO] (Minecraft) Named entity TestEntity['af'/59, l='ServerLevel[New World]', x=0.50, y=-60.00, z=-13.50] died: af was slain by Player260
[11:48:26] [Render thread/INFO] (Minecraft) Loaded 66 advancements
[11:48:37] [Server thread/INFO] (Minecraft) Saving and pausing game...
[11:48:37] [Server thread/INFO] (Minecraft) Saving chunks for level 'ServerLevel[New World]'/minecraft:overworld
[11:48:37] [Server thread/INFO] (Minecraft) Saving chunks for level 'ServerLevel[New World]'/minecraft:the_end
[11:48:37] [Server thread/INFO] (Minecraft) Saving chunks for level 'ServerLevel[New World]'/minecraft:the_nether
[11:50:58] [Server thread/INFO] (first_test) asdf
[11:50:58] [Server thread/INFO] (Minecraft) [Player260: Summoned new entity.first_test.test_entity]
[11:50:59] [Render thread/INFO] (first_test) asdf
[11:50:59] [Render thread/INFO] (Minecraft) [System] [CHAT] Summoned new entity.first_test.test_entity
[11:51:04] [Render thread/INFO] (Minecraft) [System] [CHAT] food level =88
[11:51:04] [Render thread/INFO] (Minecraft) [System] [CHAT] egg =0
[11:51:05] [Render thread/INFO] (Minecraft) [System] [CHAT] food level =87
[11:51:05] [Render thread/INFO] (Minecraft) [System] [CHAT] egg =1
[11:51:05] [Render thread/INFO] (Minecraft) [System] [CHAT] food level =87
[11:51:05] [Render thread/INFO] (Minecraft) [System] [CHAT] egg =2
[11:51:05] [Render thread/INFO] (Minecraft) [System] [CHAT] food level =87
[11:51:05] [Render thread/INFO] (Minecraft) [System] [CHAT] egg =3
[11:51:05] [Render thread/INFO] (Minecraft) [System] [CHAT] food level =87
[11:51:05] [Render thread/INFO] (Minecraft) [System] [CHAT] egg =4
[11:51:05] [Render thread/INFO] (Minecraft) [System] [CHAT] food level =86
[11:51:05] [Render thread/INFO] (Minecraft) [System] [CHAT] egg =5
[11:51:05] [Render thread/INFO] (Minecraft) [System] [CHAT] food level =86
[11:51:05] [Render thread/INFO] (Minecraft) [System] [CHAT] egg =6
[11:51:06] [Render thread/INFO] (Minecraft) [System] [CHAT] food level =86
[11:51:06] [Render thread/INFO] (Minecraft) [System] [CHAT] egg =7
[11:51:06] [Render thread/INFO] (Minecraft) [System] [CHAT] food level =85
[11:51:06] [Render thread/INFO] (Minecraft) [System] [CHAT] egg =8
[11:51:06] [Render thread/INFO] (Minecraft) [System] [CHAT] food level =85
[11:51:06] [Render thread/INFO] (Minecraft) [System] [CHAT] egg =9
[11:51:06] [Render thread/INFO] (Minecraft) [System] [CHAT] food level =85
[11:51:06] [Render thread/INFO] (Minecraft) [System] [CHAT] egg =10
[11:51:06] [Render thread/INFO] (Minecraft) [System] [CHAT] food level =84
[11:51:06] [Render thread/INFO] (Minecraft) [System] [CHAT] egg =11
[11:51:06] [Render thread/INFO] (Minecraft) [System] [CHAT] food level =84
[11:51:06] [Render thread/INFO] (Minecraft) [System] [CHAT] egg =12
[11:51:44] [Render thread/INFO] (Minecraft) [System] [CHAT] food level =86
[11:51:44] [Render thread/INFO] (Minecraft) [System] [CHAT] egg =5
[11:51:44] [Render thread/INFO] (Minecraft) [System] [CHAT] food level =86
[11:51:44] [Render thread/INFO] (Minecraft) [System] [CHAT] egg =6
[11:51:44] [Render thread/INFO] (Minecraft) [System] [CHAT] food level =86
[11:51:44] [Render thread/INFO] (Minecraft) [System] [CHAT] egg =7
[11:51:44] [Render thread/INFO] (Minecraft) [System] [CHAT] food level =86
[11:51:44] [Render thread/INFO] (Minecraft) [System] [CHAT] egg =8
[11:51:44] [Render thread/INFO] (Minecraft) [System] [CHAT] food level =85
[11:51:44] [Render thread/INFO] (Minecraft) [System] [CHAT] egg =9
[11:51:44] [Render thread/INFO] (Minecraft) [System] [CHAT] food level =85
[11:51:44] [Render thread/INFO] (Minecraft) [System] [CHAT] egg =10
[11:51:45] [Render thread/INFO] (Minecraft) [System] [CHAT] food level =85
[11:51:45] [Render thread/INFO] (Minecraft) [System] [CHAT] egg =11
[11:51:45] [Render thread/INFO] (Minecraft) [System] [CHAT] food level =84
[11:51:45] [Render thread/INFO] (Minecraft) [System] [CHAT] egg =12
[11:51:45] [Render thread/INFO] (Minecraft) [System] [CHAT] food level =83
[11:51:45] [Render thread/INFO] (Minecraft) [System] [CHAT] egg =13
[11:51:45] [Render thread/INFO] (Minecraft) [System] [CHAT] food level =83
[11:51:45] [Render thread/INFO] (Minecraft) [System] [CHAT] egg =14
[11:51:46] [Render thread/INFO] (Minecraft) [System] [CHAT] food level =83
[11:51:46] [Render thread/INFO] (Minecraft) [System] [CHAT] egg =15
[11:51:46] [Render thread/INFO] (Minecraft) [System] [CHAT] food level =82
[11:51:46] [Render thread/INFO] (Minecraft) [System] [CHAT] egg =16
[11:51:46] [Render thread/INFO] (Minecraft) [System] [CHAT] food level =82
[11:51:46] [Render thread/INFO] (Minecraft) [System] [CHAT] egg =17
[11:51:46] [Render thread/INFO] (Minecraft) [System] [CHAT] food level =81
[11:51:46] [Render thread/INFO] (Minecraft) [System] [CHAT] egg =18
[11:51:46] [Render thread/INFO] (Minecraft) [System] [CHAT] food level =81
[11:51:46] [Render thread/INFO] (Minecraft) [System] [CHAT] egg =19
[11:51:55] [Render thread/INFO] (Minecraft) [System] [CHAT] food level =64
[11:51:55] [Render thread/INFO] (Minecraft) [System] [CHAT] egg =20
[11:51:55] [Render thread/INFO] (Minecraft) [System] [CHAT] food level =64
[11:51:55] [Render thread/INFO] (Minecraft) [System] [CHAT] egg =21
[11:51:55] [Render thread/INFO] (Minecraft) [System] [CHAT] food level =64
[11:51:55] [Render thread/INFO] (Minecraft) [System] [CHAT] egg =22
[11:51:55] [Render thread/INFO] (Minecraft) [System] [CHAT] food level =63
[11:51:55] [Render thread/INFO] (Minecraft) [System] [CHAT] egg =23
[11:51:55] [Render thread/INFO] (Minecraft) [System] [CHAT] food level =63
[11:51:55] [Render thread/INFO] (Minecraft) [System] [CHAT] egg =24
[11:51:56] [Render thread/INFO] (Minecraft) [System] [CHAT] food level =63
[11:51:56] [Render thread/INFO] (Minecraft) [System] [CHAT] egg =25
[11:51:56] [Render thread/INFO] (Minecraft) [System] [CHAT] food level =62
[11:51:56] [Render thread/INFO] (Minecraft) [System] [CHAT] egg =26
[11:51:56] [Render thread/INFO] (Minecraft) [System] [CHAT] food level =62
[11:51:56] [Render thread/INFO] (Minecraft) [System] [CHAT] egg =27
[11:51:56] [Render thread/INFO] (Minecraft) [System] [CHAT] food level =62
[11:51:56] [Render thread/INFO] (Minecraft) [System] [CHAT] egg =28
[11:52:01] [Server thread/INFO] (first_test) asdf
[11:52:01] [Server thread/INFO] (Minecraft) [Player260: Summoned new entity.first_test.test_entity]
[11:52:01] [Render thread/INFO] (first_test) asdf
[11:52:01] [Render thread/INFO] (Minecraft) [System] [CHAT] Summoned new entity.first_test.test_entity
[11:52:03] [Render thread/INFO] (Minecraft) [System] [CHAT] food level =96
[11:52:03] [Render thread/INFO] (Minecraft) [System] [CHAT] egg =0
[11:52:03] [Render thread/INFO] (Minecraft) [System] [CHAT] food level =96
[11:52:03] [Render thread/INFO] (Minecraft) [System] [CHAT] egg =1
[11:52:03] [Render thread/INFO] (Minecraft) [System] [CHAT] food level =96
[11:52:03] [Render thread/INFO] (Minecraft) [System] [CHAT] egg =2
[11:52:03] [Render thread/INFO] (Minecraft) [System] [CHAT] food level =95
[11:52:03] [Render thread/INFO] (Minecraft) [System] [CHAT] egg =3
[11:52:03] [Render thread/INFO] (Minecraft) [System] [CHAT] food level =95
[11:52:03] [Render thread/INFO] (Minecraft) [System] [CHAT] egg =4
[11:52:04] [Render thread/INFO] (Minecraft) [System] [CHAT] food level =95
[11:52:04] [Render thread/INFO] (Minecraft) [System] [CHAT] egg =5
[11:52:04] [Render thread/INFO] (Minecraft) [System] [CHAT] food level =94
[11:52:04] [Render thread/INFO] (Minecraft) [System] [CHAT] egg =6
[11:52:04] [Render thread/INFO] (Minecraft) [System] [CHAT] food level =94
[11:52:04] [Render thread/INFO] (Minecraft) [System] [CHAT] egg =7
[11:52:04] [Render thread/INFO] (Minecraft) [System] [CHAT] food level =94
[11:52:04] [Render thread/INFO] (Minecraft) [System] [CHAT] egg =8
[11:52:04] [Render thread/INFO] (Minecraft) [System] [CHAT] food level =94
[11:52:04] [Render thread/INFO] (Minecraft) [System] [CHAT] egg =9
[11:52:04] [Render thread/INFO] (Minecraft) [System] [CHAT] food level =93
[11:52:04] [Render thread/INFO] (Minecraft) [System] [CHAT] egg =10
[11:52:05] [Render thread/INFO] (Minecraft) [System] [CHAT] food level =93
[11:52:05] [Render thread/INFO] (Minecraft) [System] [CHAT] egg =11
[11:52:05] [Render thread/INFO] (Minecraft) [System] [CHAT] food level =92
[11:52:05] [Render thread/INFO] (Minecraft) [System] [CHAT] egg =12
[11:52:05] [Render thread/INFO] (Minecraft) [System] [CHAT] food level =92
[11:52:05] [Render thread/INFO] (Minecraft) [System] [CHAT] egg =13
[11:52:05] [Render thread/INFO] (Minecraft) [System] [CHAT] food level =92
[11:52:05] [Render thread/INFO] (Minecraft) [System] [CHAT] egg =14
[11:52:05] [Render thread/INFO] (Minecraft) [System] [CHAT] food level =92
[11:52:05] [Render thread/INFO] (Minecraft) [System] [CHAT] egg =15
[11:52:05] [Render thread/INFO] (Minecraft) [System] [CHAT] food level =91
[11:52:05] [Render thread/INFO] (Minecraft) [System] [CHAT] egg =16
[11:52:05] [Render thread/INFO] (Minecraft) [System] [CHAT] food level =91
[11:52:05] [Render thread/INFO] (Minecraft) [System] [CHAT] egg =17
[11:52:06] [Render thread/INFO] (Minecraft) [System] [CHAT] food level =91
[11:52:06] [Render thread/INFO] (Minecraft) [System] [CHAT] egg =18
[11:52:06] [Render thread/INFO] (Minecraft) [System] [CHAT] food level =90
[11:52:06] [Render thread/INFO] (Minecraft) [System] [CHAT] egg =19
[11:52:06] [Render thread/INFO] (Minecraft) [System] [CHAT] food level =90
[11:52:06] [Render thread/INFO] (Minecraft) [System] [CHAT] egg =20
[11:52:06] [Render thread/INFO] (Minecraft) [System] [CHAT] food level =89
[11:52:06] [Render thread/INFO] (Minecraft) [System] [CHAT] egg =21
[11:52:06] [Render thread/INFO] (Minecraft) [System] [CHAT] food level =89
[11:52:06] [Render thread/INFO] (Minecraft) [System] [CHAT] egg =22
[11:52:07] [Render thread/INFO] (Minecraft) [System] [CHAT] food level =89
[11:52:07] [Render thread/INFO] (Minecraft) [System] [CHAT] egg =23
[11:52:07] [Render thread/INFO] (Minecraft) [System] [CHAT] food level =88
[11:52:07] [Render thread/INFO] (Minecraft) [System] [CHAT] egg =24
[11:52:07] [Render thread/INFO] (Minecraft) [System] [CHAT] food level =88
[11:52:07] [Render thread/INFO] (Minecraft) [System] [CHAT] egg =25
[11:52:07] [Render thread/INFO] (Minecraft) [System] [CHAT] food level =88
[11:52:07] [Render thread/INFO] (Minecraft) [System] [CHAT] egg =26
[11:52:08] [Render thread/INFO] (Minecraft) [System] [CHAT] food level =87
[11:52:08] [Render thread/INFO] (Minecraft) [System] [CHAT] egg =27
[11:52:08] [Render thread/INFO] (Minecraft) [System] [CHAT] food level =86
[11:52:08] [Render thread/INFO] (Minecraft) [System] [CHAT] egg =28
[11:52:08] [Render thread/INFO] (Minecraft) [System] [CHAT] food level =86
[11:52:08] [Render thread/INFO] (Minecraft) [System] [CHAT] egg =29
[11:52:08] [Render thread/INFO] (Minecraft) [System] [CHAT] food level =86
[11:52:08] [Render thread/INFO] (Minecraft) [System] [CHAT] egg =30
[11:52:08] [Render thread/INFO] (Minecraft) [System] [CHAT] food level =85
[11:52:08] [Render thread/INFO] (Minecraft) [System] [CHAT] egg =31
[11:52:09] [Render thread/INFO] (Minecraft) [System] [CHAT] food level =36
[11:52:09] [Render thread/INFO] (Minecraft) [System] [CHAT] egg =29
[11:52:09] [Render thread/INFO] (Minecraft) [System] [CHAT] food level =35
[11:52:09] [Render thread/INFO] (Minecraft) [System] [CHAT] egg =30
[11:52:19] [Render thread/INFO] (Minecraft) [System] [CHAT] food level =93
[11:52:19] [Render thread/INFO] (Minecraft) [System] [CHAT] egg =23
[11:52:19] [Render thread/INFO] (Minecraft) [System] [CHAT] food level =92
[11:52:19] [Render thread/INFO] (Minecraft) [System] [CHAT] egg =24
[11:52:19] [Render thread/INFO] (Minecraft) [System] [CHAT] food level =92
[11:52:19] [Render thread/INFO] (Minecraft) [System] [CHAT] egg =25
[11:53:10] [Render thread/INFO] (Minecraft) [System] [CHAT] you broke a test block
[11:54:38] [Render thread/INFO] (Minecraft) [System] [CHAT] food level =90
[11:54:38] [Render thread/INFO] (Minecraft) [System] [CHAT] egg =0
[11:54:38] [Render thread/INFO] (Minecraft) [System] [CHAT] food level =89
[11:54:38] [Render thread/INFO] (Minecraft) [System] [CHAT] egg =1
[11:54:38] [Render thread/INFO] (Minecraft) [System] [CHAT] food level =89
[11:54:38] [Render thread/INFO] (Minecraft) [System] [CHAT] egg =2
[11:54:39] [Render thread/INFO] (Minecraft) [System] [CHAT] food level =89
[11:54:39] [Render thread/INFO] (Minecraft) [System] [CHAT] egg =3
[11:54:39] [Render thread/INFO] (Minecraft) [System] [CHAT] food level =88
[11:54:39] [Render thread/INFO] (Minecraft) [System] [CHAT] egg =4
[11:54:39] [Render thread/INFO] (Minecraft) [System] [CHAT] food level =88
[11:54:39] [Render thread/INFO] (Minecraft) [System] [CHAT] egg =5
[11:54:39] [Render thread/INFO] (Minecraft) [System] [CHAT] food level =88
[11:54:39] [Render thread/INFO] (Minecraft) [System] [CHAT] egg =6
[11:54:39] [Render thread/INFO] (Minecraft) [System] [CHAT] food level =88
[11:54:39] [Render thread/INFO] (Minecraft) [System] [CHAT] egg =7
[11:54:39] [Render thread/INFO] (Minecraft) [System] [CHAT] food level =87
[11:54:39] [Render thread/INFO] (Minecraft) [System] [CHAT] egg =8
[11:54:39] [Render thread/INFO] (Minecraft) [System] [CHAT] food level =87
[11:54:39] [Render thread/INFO] (Minecraft) [System] [CHAT] egg =9
[11:54:40] [Render thread/INFO] (Minecraft) [System] [CHAT] food level =87
[11:54:40] [Render thread/INFO] (Minecraft) [System] [CHAT] egg =10
[11:54:40] [Render thread/INFO] (Minecraft) [System] [CHAT] food level =86
[11:54:40] [Render thread/INFO] (Minecraft) [System] [CHAT] egg =11
[11:54:40] [Render thread/INFO] (Minecraft) [System] [CHAT] food level =86
[11:54:40] [Render thread/INFO] (Minecraft) [System] [CHAT] egg =12
[11:54:40] [Render thread/INFO] (Minecraft) [System] [CHAT] food level =86
[11:54:40] [Render thread/INFO] (Minecraft) [System] [CHAT] egg =13
[11:54:40] [Render thread/INFO] (Minecraft) [System] [CHAT] food level =85
[11:54:40] [Render thread/INFO] (Minecraft) [System] [CHAT] egg =14
[11:54:40] [Render thread/INFO] (Minecraft) [System] [CHAT] food level =85
[11:54:40] [Render thread/INFO] (Minecraft) [System] [CHAT] egg =15
[11:54:41] [Render thread/INFO] (Minecraft) [System] [CHAT] food level =84
[11:54:41] [Render thread/INFO] (Minecraft) [System] [CHAT] egg =16
[11:54:41] [Render thread/INFO] (Minecraft) [System] [CHAT] food level =84
[11:54:41] [Render thread/INFO] (Minecraft) [System] [CHAT] egg =17
[11:54:41] [Render thread/INFO] (Minecraft) [System] [CHAT] food level =84
[11:54:41] [Render thread/INFO] (Minecraft) [System] [CHAT] egg =18
[11:54:41] [Render thread/INFO] (Minecraft) [System] [CHAT] food level =83
[11:54:41] [Render thread/INFO] (Minecraft) [System] [CHAT] egg =19
[11:54:41] [Render thread/INFO] (Minecraft) [System] [CHAT] food level =83
[11:54:41] [Render thread/INFO] (Minecraft) [System] [CHAT] egg =20
[11:54:42] [Render thread/INFO] (Minecraft) [System] [CHAT] food level =83
[11:54:42] [Render thread/INFO] (Minecraft) [System] [CHAT] egg =21
[11:54:42] [Render thread/INFO] (Minecraft) [System] [CHAT] food level =82
[11:54:42] [Render thread/INFO] (Minecraft) [System] [CHAT] egg =22
[11:54:42] [Render thread/INFO] (Minecraft) [System] [CHAT] food level =82
[11:54:42] [Render thread/INFO] (Minecraft) [System] [CHAT] egg =23
[11:54:43] [Render thread/INFO] (Minecraft) [System] [CHAT] food level =81
[11:54:43] [Render thread/INFO] (Minecraft) [System] [CHAT] egg =24
[11:54:43] [Render thread/INFO] (Minecraft) [System] [CHAT] food level =80
[11:54:43] [Render thread/INFO] (Minecraft) [System] [CHAT] egg =25
[11:54:43] [Render thread/INFO] (Minecraft) [System] [CHAT] food level =80
[11:54:43] [Render thread/INFO] (Minecraft) [System] [CHAT] egg =26
[11:54:43] [Render thread/INFO] (Minecraft) [System] [CHAT] food level =80
[11:54:43] [Render thread/INFO] (Minecraft) [System] [CHAT] egg =27
[11:54:43] [Render thread/INFO] (Minecraft) [System] [CHAT] food level =79
[11:54:43] [Render thread/INFO] (Minecraft) [System] [CHAT] egg =28
[11:54:43] [Render thread/INFO] (Minecraft) [System] [CHAT] food level =79
[11:54:43] [Render thread/INFO] (Minecraft) [System] [CHAT] egg =29
[11:54:44] [Render thread/INFO] (Minecraft) [System] [CHAT] food level =79
[11:54:44] [Render thread/INFO] (Minecraft) [System] [CHAT] egg =30
[11:54:44] [Render thread/INFO] (Minecraft) [System] [CHAT] food level =78
[11:54:44] [Render thread/INFO] (Minecraft) [System] [CHAT] egg =31
[11:54:44] [Render thread/INFO] (Minecraft) [System] [CHAT] food level =78
[11:54:44] [Render thread/INFO] (Minecraft) [System] [CHAT] egg =32
[11:54:44] [Render thread/INFO] (Minecraft) [System] [CHAT] food level =78
[11:54:44] [Render thread/INFO] (Minecraft) [System] [CHAT] egg =33
[11:54:44] [Render thread/INFO] (Minecraft) [System] [CHAT] food level =77
[11:54:44] [Render thread/INFO] (Minecraft) [System] [CHAT] egg =34
[11:54:44] [Render thread/INFO] (Minecraft) [System] [CHAT] food level =77
[11:54:44] [Render thread/INFO] (Minecraft) [System] [CHAT] egg =35
[11:54:46] [Render thread/INFO] (Minecraft) [System] [CHAT] food level =26
[11:54:46] [Render thread/INFO] (Minecraft) [System] [CHAT] egg =2
[11:54:46] [Render thread/INFO] (Minecraft) [System] [CHAT] food level =26
[11:54:46] [Render thread/INFO] (Minecraft) [System] [CHAT] egg =3
[11:54:46] [Render thread/INFO] (Minecraft) [System] [CHAT] food level =25
[11:54:46] [Render thread/INFO] (Minecraft) [System] [CHAT] egg =4
[11:54:46] [Render thread/INFO] (Minecraft) [System] [CHAT] food level =25
[11:54:46] [Render thread/INFO] (Minecraft) [System] [CHAT] egg =5
[11:54:46] [Render thread/INFO] (Minecraft) [System] [CHAT] food level =25
[11:54:46] [Render thread/INFO] (Minecraft) [System] [CHAT] egg =6
[11:54:47] [Render thread/INFO] (Minecraft) [System] [CHAT] food level =24
[11:54:47] [Render thread/INFO] (Minecraft) [System] [CHAT] egg =7
[11:54:47] [Render thread/INFO] (Minecraft) [System] [CHAT] food level =24
[11:54:47] [Render thread/INFO] (Minecraft) [System] [CHAT] egg =8
[11:54:47] [Render thread/INFO] (Minecraft) [System] [CHAT] food level =24
[11:54:47] [Render thread/INFO] (Minecraft) [System] [CHAT] egg =9
[11:54:47] [Render thread/INFO] (Minecraft) [System] [CHAT] food level =99
[11:54:47] [Render thread/INFO] (Minecraft) [System] [CHAT] egg =2
[11:54:48] [Render thread/INFO] (Minecraft) [System] [CHAT] food level =99
[11:54:48] [Render thread/INFO] (Minecraft) [System] [CHAT] egg =3
[11:54:48] [Render thread/INFO] (Minecraft) [System] [CHAT] food level =97
[11:54:48] [Render thread/INFO] (Minecraft) [System] [CHAT] egg =4
[11:54:49] [Render thread/INFO] (Minecraft) [System] [CHAT] food level =96
[11:54:49] [Render thread/INFO] (Minecraft) [System] [CHAT] egg =5
[11:54:49] [Render thread/INFO] (Minecraft) [System] [CHAT] food level =96
[11:54:49] [Render thread/INFO] (Minecraft) [System] [CHAT] egg =6
[11:54:50] [Render thread/INFO] (Minecraft) [System] [CHAT] food level =94
[11:54:50] [Render thread/INFO] (Minecraft) [System] [CHAT] egg =7
[11:54:50] [Render thread/INFO] (Minecraft) [System] [CHAT] food level =93
[11:54:50] [Render thread/INFO] (Minecraft) [System] [CHAT] egg =8
[11:54:51] [Render thread/INFO] (Minecraft) [System] [CHAT] food level =93
[11:54:51] [Render thread/INFO] (Minecraft) [System] [CHAT] egg =9
[11:54:51] [Render thread/INFO] (Minecraft) [System] [CHAT] food level =92
[11:54:51] [Render thread/INFO] (Minecraft) [System] [CHAT] egg =10
[11:54:51] [Render thread/INFO] (Minecraft) [System] [CHAT] food level =92
[11:54:51] [Render thread/INFO] (Minecraft) [System] [CHAT] egg =11
[11:54:51] [Render thread/INFO] (Minecraft) [System] [CHAT] food level =92
[11:54:51] [Render thread/INFO] (Minecraft) [System] [CHAT] egg =12
[11:54:51] [Render thread/INFO] (Minecraft) [System] [CHAT] food level =92
[11:54:51] [Render thread/INFO] (Minecraft) [System] [CHAT] egg =13
[11:54:51] [Render thread/INFO] (Minecraft) [System] [CHAT] food level =91
[11:54:51] [Render thread/INFO] (Minecraft) [System] [CHAT] egg =14
[11:54:52] [Render thread/INFO] (Minecraft) [System] [CHAT] food level =91
[11:54:52] [Render thread/INFO] (Minecraft) [System] [CHAT] egg =15
[11:54:52] [Render thread/INFO] (Minecraft) [System] [CHAT] food level =90
[11:54:52] [Render thread/INFO] (Minecraft) [System] [CHAT] egg =16
[11:54:52] [Render thread/INFO] (Minecraft) [System] [CHAT] food level =90
[11:54:52] [Render thread/INFO] (Minecraft) [System] [CHAT] egg =17
[11:54:52] [Render thread/INFO] (Minecraft) [System] [CHAT] food level =89
[11:54:52] [Render thread/INFO] (Minecraft) [System] [CHAT] egg =18
[11:54:52] [Render thread/INFO] (Minecraft) [System] [CHAT] food level =89
[11:54:52] [Render thread/INFO] (Minecraft) [System] [CHAT] egg =19
[11:54:53] [Render thread/INFO] (Minecraft) [System] [CHAT] food level =88
[11:54:53] [Render thread/INFO] (Minecraft) [System] [CHAT] egg =20
[11:54:53] [Render thread/INFO] (Minecraft) [System] [CHAT] food level =88
[11:54:53] [Render thread/INFO] (Minecraft) [System] [CHAT] egg =21
[11:54:53] [Render thread/INFO] (Minecraft) [System] [CHAT] food level =87
[11:54:53] [Render thread/INFO] (Minecraft) [System] [CHAT] egg =22
[11:56:24] [Render thread/INFO] (Minecraft) [System] [CHAT] you broke a test block
[11:56:36] [Render thread/INFO] (Minecraft) [System] [CHAT] you broke a test block
[11:56:43] [Server thread/INFO] (Minecraft) Saving and pausing game...
[11:56:43] [Server thread/INFO] (Minecraft) Saving chunks for level 'ServerLevel[New World]'/minecraft:overworld
[11:56:43] [Server thread/INFO] (Minecraft) Saving chunks for level 'ServerLevel[New World]'/minecraft:the_end
[11:56:43] [Server thread/INFO] (Minecraft) Saving chunks for level 'ServerLevel[New World]'/minecraft:the_nether
[12:00:12] [Server thread/INFO] (Minecraft) Saving and pausing game...
[12:00:12] [Server thread/INFO] (Minecraft) Saving chunks for level 'ServerLevel[New World]'/minecraft:overworld
[12:00:12] [Server thread/INFO] (Minecraft) Saving chunks for level 'ServerLevel[New World]'/minecraft:the_end
[12:00:12] [Server thread/INFO] (Minecraft) Saving chunks for level 'ServerLevel[New World]'/minecraft:the_nether
[12:00:14] [Server thread/INFO] (Minecraft) Player260 lost connection: Disconnected
[12:00:14] [Server thread/INFO] (Minecraft) Player260 left the game
[12:00:14] [Server thread/INFO] (Minecraft) Stopping singleplayer server as player logged out
[12:00:14] [Server thread/INFO] (Minecraft) Stopping server
[12:00:14] [Server thread/INFO] (Minecraft) Saving players
[12:00:14] [Server thread/INFO] (Minecraft) Saving worlds
[12:00:14] [Server thread/INFO] (Minecraft) Saving chunks for level 'ServerLevel[New World]'/minecraft:overworld
[12:00:15] [Server thread/INFO] (Minecraft) Saving chunks for level 'ServerLevel[New World]'/minecraft:the_end
[12:00:15] [Server thread/INFO] (Minecraft) Saving chunks for level 'ServerLevel[New World]'/minecraft:the_nether
[12:00:15] [Server thread/INFO] (Minecraft) ThreadedAnvilChunkStorage (New World): All chunks are saved
[12:00:15] [Server thread/INFO] (Minecraft) ThreadedAnvilChunkStorage (DIM1): All chunks are saved
[12:00:15] [Server thread/INFO] (Minecraft) ThreadedAnvilChunkStorage (DIM-1): All chunks are saved
[12:00:15] [Server thread/INFO] (Minecraft) ThreadedAnvilChunkStorage: All dimensions are saved
[12:00:25] [Render thread/INFO] (Minecraft) Stopping!
